0 info it worked if it ends with ok
1 verbose cli [ '/usr/local/bin/node',
1 verbose cli   '/usr/local/bin/npm',
1 verbose cli   'install',
1 verbose cli   'node-dht-sensor' ]
2 info using npm@3.10.10
3 info using node@v6.10.0
4 silly loadCurrentTree Starting
5 silly install loadCurrentTree
6 silly install readLocalPackageData
7 silly fetchPackageMetaData node-dht-sensor
8 silly fetchNamedPackageData node-dht-sensor
9 silly mapToRegistry name node-dht-sensor
10 silly mapToRegistry using default registry
11 silly mapToRegistry registry https://registry.npmjs.org/
12 silly mapToRegistry data Result {
12 silly mapToRegistry   raw: 'node-dht-sensor',
12 silly mapToRegistry   scope: null,
12 silly mapToRegistry   escapedName: 'node-dht-sensor',
12 silly mapToRegistry   name: 'node-dht-sensor',
12 silly mapToRegistry   rawSpec: '',
12 silly mapToRegistry   spec: 'latest',
12 silly mapToRegistry   type: 'tag' }
13 silly mapToRegistry uri https://registry.npmjs.org/node-dht-sensor
14 verbose request uri https://registry.npmjs.org/node-dht-sensor
15 verbose request no auth needed
16 info attempt registry request try #1 at 8:06:30 PM
17 verbose request id 731323885bb7b545
18 verbose etag "5a074482-90ca"
19 verbose lastModified Sat, 11 Nov 2017 18:42:10 GMT
20 http request GET https://registry.npmjs.org/node-dht-sensor
21 http 304 https://registry.npmjs.org/node-dht-sensor
22 verbose headers { date: 'Mon, 15 Jan 2018 19:06:30 GMT',
22 verbose headers   via: '1.1 varnish',
22 verbose headers   'cache-control': 'max-age=300',
22 verbose headers   etag: '"5a074482-90ca"',
22 verbose headers   age: '1391',
22 verbose headers   connection: 'keep-alive',
22 verbose headers   'x-served-by': 'cache-mad9430-MAD',
22 verbose headers   'x-cache': 'HIT',
22 verbose headers   'x-cache-hits': '1',
22 verbose headers   'x-timer': 'S1516043190.118029,VS0,VE1',
22 verbose headers   vary: 'Accept-Encoding, Accept' }
23 silly get cb [ 304,
23 silly get   { date: 'Mon, 15 Jan 2018 19:06:30 GMT',
23 silly get     via: '1.1 varnish',
23 silly get     'cache-control': 'max-age=300',
23 silly get     etag: '"5a074482-90ca"',
23 silly get     age: '1391',
23 silly get     connection: 'keep-alive',
23 silly get     'x-served-by': 'cache-mad9430-MAD',
23 silly get     'x-cache': 'HIT',
23 silly get     'x-cache-hits': '1',
23 silly get     'x-timer': 'S1516043190.118029,VS0,VE1',
23 silly get     vary: 'Accept-Encoding, Accept' } ]
24 verbose etag https://registry.npmjs.org/node-dht-sensor from cache
25 verbose get saving node-dht-sensor to /Users/froca/.npm/registry.npmjs.org/node-dht-sensor/.cache.json
26 verbose correctMkdir /Users/froca/.npm correctMkdir not in flight; initializing
27 silly install normalizeTree
28 silly loadCurrentTree Finishing
29 silly loadIdealTree Starting
30 silly install loadIdealTree
31 silly cloneCurrentTree Starting
32 silly install cloneCurrentTreeToIdealTree
33 silly cloneCurrentTree Finishing
34 silly loadShrinkwrap Starting
35 silly install loadShrinkwrap
36 silly loadShrinkwrap Finishing
37 silly loadAllDepsIntoIdealTree Starting
38 silly install loadAllDepsIntoIdealTree
39 silly resolveWithNewModule node-dht-sensor@0.0.33 checking installable status
40 silly cache add args [ 'node-dht-sensor', null ]
41 verbose cache add spec node-dht-sensor
42 silly cache add parsed spec Result {
42 silly cache add   raw: 'node-dht-sensor',
42 silly cache add   scope: null,
42 silly cache add   escapedName: 'node-dht-sensor',
42 silly cache add   name: 'node-dht-sensor',
42 silly cache add   rawSpec: '',
42 silly cache add   spec: 'latest',
42 silly cache add   type: 'tag' }
43 silly addNamed node-dht-sensor@latest
44 verbose addNamed "latest" is being treated as a dist-tag for node-dht-sensor
45 info addNameTag [ 'node-dht-sensor', 'latest' ]
46 silly mapToRegistry name node-dht-sensor
47 silly mapToRegistry using default registry
48 silly mapToRegistry registry https://registry.npmjs.org/
49 silly mapToRegistry data Result {
49 silly mapToRegistry   raw: 'node-dht-sensor',
49 silly mapToRegistry   scope: null,
49 silly mapToRegistry   escapedName: 'node-dht-sensor',
49 silly mapToRegistry   name: 'node-dht-sensor',
49 silly mapToRegistry   rawSpec: '',
49 silly mapToRegistry   spec: 'latest',
49 silly mapToRegistry   type: 'tag' }
50 silly mapToRegistry uri https://registry.npmjs.org/node-dht-sensor
51 verbose addNameTag registry:https://registry.npmjs.org/node-dht-sensor not in flight; fetching
52 verbose get https://registry.npmjs.org/node-dht-sensor not expired, no request
53 silly addNameTag next cb for node-dht-sensor with tag latest
54 silly addNamed node-dht-sensor@0.0.33
55 verbose addNamed "0.0.33" is a plain semver version for node-dht-sensor
56 silly cache afterAdd node-dht-sensor@0.0.33
57 verbose afterAdd /Users/froca/.npm/node-dht-sensor/0.0.33/package/package.json not in flight; writing
58 verbose correctMkdir /Users/froca/.npm correctMkdir not in flight; initializing
59 verbose afterAdd /Users/froca/.npm/node-dht-sensor/0.0.33/package/package.json written
60 silly fetchNamedPackageData nan
61 silly mapToRegistry name nan
62 silly mapToRegistry using default registry
63 silly mapToRegistry registry https://registry.npmjs.org/
64 silly mapToRegistry data Result {
64 silly mapToRegistry   raw: 'nan',
64 silly mapToRegistry   scope: null,
64 silly mapToRegistry   escapedName: 'nan',
64 silly mapToRegistry   name: 'nan',
64 silly mapToRegistry   rawSpec: '',
64 silly mapToRegistry   spec: 'latest',
64 silly mapToRegistry   type: 'tag' }
65 silly mapToRegistry uri https://registry.npmjs.org/nan
66 verbose request uri https://registry.npmjs.org/nan
67 verbose request no auth needed
68 info attempt registry request try #1 at 8:06:30 PM
69 verbose etag "5a3ad7f1-20c2f"
70 verbose lastModified Wed, 20 Dec 2017 21:36:49 GMT
71 http request GET https://registry.npmjs.org/nan
72 http 304 https://registry.npmjs.org/nan
73 verbose headers { date: 'Mon, 15 Jan 2018 19:06:30 GMT',
73 verbose headers   via: '1.1 varnish',
73 verbose headers   'cache-control': 'max-age=300',
73 verbose headers   etag: '"5a3ad7f1-20c2f"',
73 verbose headers   age: '9264',
73 verbose headers   connection: 'keep-alive',
73 verbose headers   'x-served-by': 'cache-mad9430-MAD',
73 verbose headers   'x-cache': 'HIT',
73 verbose headers   'x-cache-hits': '26',
73 verbose headers   'x-timer': 'S1516043190.251260,VS0,VE0',
73 verbose headers   vary: 'Accept-Encoding, Accept' }
74 silly get cb [ 304,
74 silly get   { date: 'Mon, 15 Jan 2018 19:06:30 GMT',
74 silly get     via: '1.1 varnish',
74 silly get     'cache-control': 'max-age=300',
74 silly get     etag: '"5a3ad7f1-20c2f"',
74 silly get     age: '9264',
74 silly get     connection: 'keep-alive',
74 silly get     'x-served-by': 'cache-mad9430-MAD',
74 silly get     'x-cache': 'HIT',
74 silly get     'x-cache-hits': '26',
74 silly get     'x-timer': 'S1516043190.251260,VS0,VE0',
74 silly get     vary: 'Accept-Encoding, Accept' } ]
75 verbose etag https://registry.npmjs.org/nan from cache
76 verbose get saving nan to /Users/froca/.npm/registry.npmjs.org/nan/.cache.json
77 verbose correctMkdir /Users/froca/.npm correctMkdir not in flight; initializing
78 silly resolveWithNewModule nan@2.8.0 checking installable status
79 silly cache add args [ 'nan@^2.7.0', null ]
80 verbose cache add spec nan@^2.7.0
81 silly cache add parsed spec Result {
81 silly cache add   raw: 'nan@^2.7.0',
81 silly cache add   scope: null,
81 silly cache add   escapedName: 'nan',
81 silly cache add   name: 'nan',
81 silly cache add   rawSpec: '^2.7.0',
81 silly cache add   spec: '>=2.7.0 <3.0.0',
81 silly cache add   type: 'range' }
82 silly addNamed nan@>=2.7.0 <3.0.0
83 verbose addNamed ">=2.7.0 <3.0.0" is a valid semver range for nan
84 silly addNameRange { name: 'nan', range: '>=2.7.0 <3.0.0', hasData: false }
85 silly mapToRegistry name nan
86 silly mapToRegistry using default registry
87 silly mapToRegistry registry https://registry.npmjs.org/
88 silly mapToRegistry data Result {
88 silly mapToRegistry   raw: 'nan',
88 silly mapToRegistry   scope: null,
88 silly mapToRegistry   escapedName: 'nan',
88 silly mapToRegistry   name: 'nan',
88 silly mapToRegistry   rawSpec: '',
88 silly mapToRegistry   spec: 'latest',
88 silly mapToRegistry   type: 'tag' }
89 silly mapToRegistry uri https://registry.npmjs.org/nan
90 verbose addNameRange registry:https://registry.npmjs.org/nan not in flight; fetching
91 verbose get https://registry.npmjs.org/nan not expired, no request
92 silly addNameRange number 2 { name: 'nan', range: '>=2.7.0 <3.0.0', hasData: true }
93 silly addNameRange versions [ 'nan',
93 silly addNameRange   [ '0.3.0-wip',
93 silly addNameRange     '0.3.0-wip2',
93 silly addNameRange     '0.3.0',
93 silly addNameRange     '0.3.1',
93 silly addNameRange     '0.3.2',
93 silly addNameRange     '0.4.0',
93 silly addNameRange     '0.4.1',
93 silly addNameRange     '0.4.2',
93 silly addNameRange     '0.4.3',
93 silly addNameRange     '0.4.4',
93 silly addNameRange     '0.5.0',
93 silly addNameRange     '0.5.1',
93 silly addNameRange     '0.5.2',
93 silly addNameRange     '0.6.0',
93 silly addNameRange     '0.7.0',
93 silly addNameRange     '0.7.1',
93 silly addNameRange     '0.8.0',
93 silly addNameRange     '1.0.0',
93 silly addNameRange     '1.1.0',
93 silly addNameRange     '1.1.1',
93 silly addNameRange     '1.1.2',
93 silly addNameRange     '1.2.0',
93 silly addNameRange     '1.3.0',
93 silly addNameRange     '1.4.0',
93 silly addNameRange     '1.4.1',
93 silly addNameRange     '1.5.0',
93 silly addNameRange     '1.4.2',
93 silly addNameRange     '1.4.3',
93 silly addNameRange     '1.5.1',
93 silly addNameRange     '1.5.2',
93 silly addNameRange     '1.6.0',
93 silly addNameRange     '1.5.3',
93 silly addNameRange     '1.6.1',
93 silly addNameRange     '1.6.2',
93 silly addNameRange     '1.7.0',
93 silly addNameRange     '1.8.0',
93 silly addNameRange     '1.8.1',
93 silly addNameRange     '1.8.2',
93 silly addNameRange     '1.8.3',
93 silly addNameRange     '1.8.4',
93 silly addNameRange     '1.9.0',
93 silly addNameRange     '2.0.0',
93 silly addNameRange     '2.0.1',
93 silly addNameRange     '2.0.2',
93 silly addNameRange     '2.0.3',
93 silly addNameRange     '2.0.4',
93 silly addNameRange     '2.0.5',
93 silly addNameRange     '2.0.6',
93 silly addNameRange     '2.0.7',
93 silly addNameRange     '2.0.8',
93 silly addNameRange     '2.0.9',
93 silly addNameRange     '2.1.0',
93 silly addNameRange     '2.2.0',
93 silly addNameRange     '2.2.1',
93 silly addNameRange     '2.3.0',
93 silly addNameRange     '2.3.1',
93 silly addNameRange     '2.3.2',
93 silly addNameRange     '2.3.3',
93 silly addNameRange     '2.3.4',
93 silly addNameRange     '2.3.5',
93 silly addNameRange     '2.4.0',
93 silly addNameRange     '2.5.0',
93 silly addNameRange     '2.5.1',
93 silly addNameRange     '2.6.0',
93 silly addNameRange     '2.6.1',
93 silly addNameRange     '2.6.2',
93 silly addNameRange     '2.7.0',
93 silly addNameRange     '2.8.0' ] ]
94 silly addNamed nan@2.8.0
95 verbose addNamed "2.8.0" is a plain semver version for nan
96 silly cache afterAdd nan@2.8.0
97 verbose afterAdd /Users/froca/.npm/nan/2.8.0/package/package.json not in flight; writing
98 verbose correctMkdir /Users/froca/.npm correctMkdir not in flight; initializing
99 verbose afterAdd /Users/froca/.npm/nan/2.8.0/package/package.json written
100 silly fetchNamedPackageData bluetooth-hci-socket
101 silly mapToRegistry name bluetooth-hci-socket
102 silly mapToRegistry using default registry
103 silly mapToRegistry registry https://registry.npmjs.org/
104 silly mapToRegistry data Result {
104 silly mapToRegistry   raw: 'bluetooth-hci-socket',
104 silly mapToRegistry   scope: null,
104 silly mapToRegistry   escapedName: 'bluetooth-hci-socket',
104 silly mapToRegistry   name: 'bluetooth-hci-socket',
104 silly mapToRegistry   rawSpec: '',
104 silly mapToRegistry   spec: 'latest',
104 silly mapToRegistry   type: 'tag' }
105 silly mapToRegistry uri https://registry.npmjs.org/bluetooth-hci-socket
106 verbose request uri https://registry.npmjs.org/bluetooth-hci-socket
107 verbose request no auth needed
108 info attempt registry request try #1 at 8:06:30 PM
109 verbose etag "57cf5772-6e84"
110 verbose lastModified Tue, 6 Sep 2016 23:55:30 GMT
111 http request GET https://registry.npmjs.org/bluetooth-hci-socket
112 http 304 https://registry.npmjs.org/bluetooth-hci-socket
113 verbose headers { date: 'Mon, 15 Jan 2018 19:06:30 GMT',
113 verbose headers   via: '1.1 varnish',
113 verbose headers   'cache-control': 'max-age=300',
113 verbose headers   etag: '"57cf5772-6e84"',
113 verbose headers   age: '6520',
113 verbose headers   connection: 'keep-alive',
113 verbose headers   'x-served-by': 'cache-mad9430-MAD',
113 verbose headers   'x-cache': 'HIT',
113 verbose headers   'x-cache-hits': '2',
113 verbose headers   'x-timer': 'S1516043190.376667,VS0,VE0',
113 verbose headers   vary: 'Accept-Encoding, Accept' }
114 silly get cb [ 304,
114 silly get   { date: 'Mon, 15 Jan 2018 19:06:30 GMT',
114 silly get     via: '1.1 varnish',
114 silly get     'cache-control': 'max-age=300',
114 silly get     etag: '"57cf5772-6e84"',
114 silly get     age: '6520',
114 silly get     connection: 'keep-alive',
114 silly get     'x-served-by': 'cache-mad9430-MAD',
114 silly get     'x-cache': 'HIT',
114 silly get     'x-cache-hits': '2',
114 silly get     'x-timer': 'S1516043190.376667,VS0,VE0',
114 silly get     vary: 'Accept-Encoding, Accept' } ]
115 verbose etag https://registry.npmjs.org/bluetooth-hci-socket from cache
116 verbose get saving bluetooth-hci-socket to /Users/froca/.npm/registry.npmjs.org/bluetooth-hci-socket/.cache.json
117 verbose correctMkdir /Users/froca/.npm correctMkdir not in flight; initializing
118 silly resolveWithNewModule bluetooth-hci-socket@0.5.1 checking installable status
119 silly loadAllDepsIntoIdealTree Finishing
120 silly loadIdealTree Finishing
121 silly currentTree RaspClient@0.0.1
121 silly currentTree ├── accepts@1.3.3
121 silly currentTree ├── after@0.8.2
121 silly currentTree ├── ajv@5.5.2
121 silly currentTree ├── arraybuffer.slice@0.0.7
121 silly currentTree ├── asap@2.0.6
121 silly currentTree ├── asn1@0.2.3
121 silly currentTree ├── assert-plus@1.0.0
121 silly currentTree ├── async-limiter@1.0.0
121 silly currentTree ├── async@1.5.2
121 silly currentTree ├── asynckit@0.4.0
121 silly currentTree ├── aws-sign2@0.7.0
121 silly currentTree ├── aws4@1.6.0
121 silly currentTree ├── backo2@1.0.2
121 silly currentTree ├── base64-arraybuffer@0.1.5
121 silly currentTree ├── base64id@1.0.0
121 silly currentTree ├── bcrypt-pbkdf@1.0.1
121 silly currentTree ├── better-assert@1.0.2
121 silly currentTree ├── bindings@1.2.1
121 silly currentTree ├── blob@0.0.4
121 silly currentTree ├── boom@4.3.1
121 silly currentTree ├── bplist-parser@0.0.6
121 silly currentTree ├── callsite@1.0.0
121 silly currentTree ├── caseless@0.12.0
121 silly currentTree ├── co@4.6.0
121 silly currentTree ├── combined-stream@1.0.5
121 silly currentTree ├── component-bind@1.0.0
121 silly currentTree ├── component-emitter@1.2.1
121 silly currentTree ├── component-inherit@0.0.3
121 silly currentTree ├── cookie@0.3.1
121 silly currentTree ├── core-util-is@1.0.2
121 silly currentTree ├─┬ cryptiles@3.1.2
121 silly currentTree │ └── boom@5.2.0
121 silly currentTree ├── dashdash@1.14.1
121 silly currentTree ├── debug@2.6.9
121 silly currentTree ├── delayed-stream@1.0.0
121 silly currentTree ├── ecc-jsbn@0.1.1
121 silly currentTree ├── engine.io-client@3.1.4
121 silly currentTree ├── engine.io-parser@2.1.2
121 silly currentTree ├── engine.io@3.1.4
121 silly currentTree ├── epoll@0.1.22
121 silly currentTree ├── extend@3.0.1
121 silly currentTree ├── extsprintf@1.3.0
121 silly currentTree ├── fast-deep-equal@1.0.0
121 silly currentTree ├── fast-json-stable-stringify@2.0.0
121 silly currentTree ├── forever-agent@0.6.1
121 silly currentTree ├── form-data@2.3.1
121 silly currentTree ├── getpass@0.1.7
121 silly currentTree ├── har-schema@2.0.0
121 silly currentTree ├── har-validator@5.0.3
121 silly currentTree ├── has-binary2@1.0.2
121 silly currentTree ├── has-cors@1.1.0
121 silly currentTree ├── hawk@6.0.2
121 silly currentTree ├── hoek@4.2.0
121 silly currentTree ├── http-signature@1.2.0
121 silly currentTree ├── indexof@0.0.1
121 silly currentTree ├── is-typedarray@1.0.0
121 silly currentTree ├── isarray@2.0.1
121 silly currentTree ├── isstream@0.1.2
121 silly currentTree ├── jsbn@0.1.1
121 silly currentTree ├── json-schema-traverse@0.3.1
121 silly currentTree ├── json-schema@0.2.3
121 silly currentTree ├── json-stringify-safe@5.0.1
121 silly currentTree ├── jsprim@1.4.1
121 silly currentTree ├── mime-db@1.30.0
121 silly currentTree ├── mime-types@2.1.17
121 silly currentTree ├── ms@2.0.0
121 silly currentTree ├── nan@2.6.2
121 silly currentTree ├── negotiator@0.6.1
121 silly currentTree ├── noble-device@1.4.1
121 silly currentTree ├─┬ noble@1.8.1
121 silly currentTree │ ├── debug@2.2.0
121 silly currentTree │ └── ms@0.7.1
121 silly currentTree ├── oauth-sign@0.8.2
121 silly currentTree ├── object-component@0.0.3
121 silly currentTree ├── parseqs@0.0.5
121 silly currentTree ├── parseuri@0.0.5
121 silly currentTree ├── performance-now@2.1.0
121 silly currentTree ├── promise@7.1.1
121 silly currentTree ├── punycode@1.4.1
121 silly currentTree ├── qs@6.5.1
121 silly currentTree ├── raspi-sensors@0.2.11
121 silly currentTree ├── request@2.83.0
121 silly currentTree ├── rpi-gpio@0.9.1
121 silly currentTree ├── safe-buffer@5.1.1
121 silly currentTree ├── sensortag@1.3.0
121 silly currentTree ├── sntp@2.1.0
121 silly currentTree ├── socket.io-adapter@1.1.1
121 silly currentTree ├── socket.io-client@2.0.4
121 silly currentTree ├── socket.io-parser@3.1.2
121 silly currentTree ├── socket.io@2.0.4
121 silly currentTree ├── sshpk@1.13.1
121 silly currentTree ├── stringstream@0.0.5
121 silly currentTree ├── to-array@0.1.4
121 silly currentTree ├── tough-cookie@2.3.3
121 silly currentTree ├── tunnel-agent@0.6.0
121 silly currentTree ├── tweetnacl@0.14.5
121 silly currentTree ├── ultron@1.1.1
121 silly currentTree ├── uuid@3.1.0
121 silly currentTree ├── uws@0.14.5
121 silly currentTree ├── verror@1.10.0
121 silly currentTree ├── ws@3.3.3
121 silly currentTree ├── xmlhttprequest-ssl@1.5.5
121 silly currentTree ├── xpc-connection@0.1.4
121 silly currentTree └── yeast@0.1.2
122 silly idealTree RaspClient@0.0.1
122 silly idealTree ├── accepts@1.3.3
122 silly idealTree ├── after@0.8.2
122 silly idealTree ├── ajv@5.5.2
122 silly idealTree ├── arraybuffer.slice@0.0.7
122 silly idealTree ├── asap@2.0.6
122 silly idealTree ├── asn1@0.2.3
122 silly idealTree ├── assert-plus@1.0.0
122 silly idealTree ├── async-limiter@1.0.0
122 silly idealTree ├── async@1.5.2
122 silly idealTree ├── asynckit@0.4.0
122 silly idealTree ├── aws-sign2@0.7.0
122 silly idealTree ├── aws4@1.6.0
122 silly idealTree ├── backo2@1.0.2
122 silly idealTree ├── base64-arraybuffer@0.1.5
122 silly idealTree ├── base64id@1.0.0
122 silly idealTree ├── bcrypt-pbkdf@1.0.1
122 silly idealTree ├── better-assert@1.0.2
122 silly idealTree ├── bindings@1.2.1
122 silly idealTree ├── blob@0.0.4
122 silly idealTree ├── boom@4.3.1
122 silly idealTree ├── bplist-parser@0.0.6
122 silly idealTree ├── callsite@1.0.0
122 silly idealTree ├── caseless@0.12.0
122 silly idealTree ├── co@4.6.0
122 silly idealTree ├── combined-stream@1.0.5
122 silly idealTree ├── component-bind@1.0.0
122 silly idealTree ├── component-emitter@1.2.1
122 silly idealTree ├── component-inherit@0.0.3
122 silly idealTree ├── cookie@0.3.1
122 silly idealTree ├── core-util-is@1.0.2
122 silly idealTree ├─┬ cryptiles@3.1.2
122 silly idealTree │ └── boom@5.2.0
122 silly idealTree ├── dashdash@1.14.1
122 silly idealTree ├── debug@2.6.9
122 silly idealTree ├── delayed-stream@1.0.0
122 silly idealTree ├── ecc-jsbn@0.1.1
122 silly idealTree ├── engine.io-client@3.1.4
122 silly idealTree ├── engine.io-parser@2.1.2
122 silly idealTree ├── engine.io@3.1.4
122 silly idealTree ├── epoll@0.1.22
122 silly idealTree ├── extend@3.0.1
122 silly idealTree ├── extsprintf@1.3.0
122 silly idealTree ├── fast-deep-equal@1.0.0
122 silly idealTree ├── fast-json-stable-stringify@2.0.0
122 silly idealTree ├── forever-agent@0.6.1
122 silly idealTree ├── form-data@2.3.1
122 silly idealTree ├── getpass@0.1.7
122 silly idealTree ├── har-schema@2.0.0
122 silly idealTree ├── har-validator@5.0.3
122 silly idealTree ├── has-binary2@1.0.2
122 silly idealTree ├── has-cors@1.1.0
122 silly idealTree ├── hawk@6.0.2
122 silly idealTree ├── hoek@4.2.0
122 silly idealTree ├── http-signature@1.2.0
122 silly idealTree ├── indexof@0.0.1
122 silly idealTree ├── is-typedarray@1.0.0
122 silly idealTree ├── isarray@2.0.1
122 silly idealTree ├── isstream@0.1.2
122 silly idealTree ├── jsbn@0.1.1
122 silly idealTree ├── json-schema-traverse@0.3.1
122 silly idealTree ├── json-schema@0.2.3
122 silly idealTree ├── json-stringify-safe@5.0.1
122 silly idealTree ├── jsprim@1.4.1
122 silly idealTree ├── mime-db@1.30.0
122 silly idealTree ├── mime-types@2.1.17
122 silly idealTree ├── ms@2.0.0
122 silly idealTree ├── nan@2.6.2
122 silly idealTree ├── negotiator@0.6.1
122 silly idealTree ├── noble-device@1.4.1
122 silly idealTree ├─┬ noble@1.8.1
122 silly idealTree │ ├── debug@2.2.0
122 silly idealTree │ └── ms@0.7.1
122 silly idealTree ├─┬ node-dht-sensor@0.0.33
122 silly idealTree │ └── nan@2.8.0
122 silly idealTree ├── oauth-sign@0.8.2
122 silly idealTree ├── object-component@0.0.3
122 silly idealTree ├── parseqs@0.0.5
122 silly idealTree ├── parseuri@0.0.5
122 silly idealTree ├── performance-now@2.1.0
122 silly idealTree ├── promise@7.1.1
122 silly idealTree ├── punycode@1.4.1
122 silly idealTree ├── qs@6.5.1
122 silly idealTree ├── raspi-sensors@0.2.11
122 silly idealTree ├── request@2.83.0
122 silly idealTree ├── rpi-gpio@0.9.1
122 silly idealTree ├── safe-buffer@5.1.1
122 silly idealTree ├── sensortag@1.3.0
122 silly idealTree ├── sntp@2.1.0
122 silly idealTree ├── socket.io-adapter@1.1.1
122 silly idealTree ├── socket.io-client@2.0.4
122 silly idealTree ├── socket.io-parser@3.1.2
122 silly idealTree ├── socket.io@2.0.4
122 silly idealTree ├── sshpk@1.13.1
122 silly idealTree ├── stringstream@0.0.5
122 silly idealTree ├── to-array@0.1.4
122 silly idealTree ├── tough-cookie@2.3.3
122 silly idealTree ├── tunnel-agent@0.6.0
122 silly idealTree ├── tweetnacl@0.14.5
122 silly idealTree ├── ultron@1.1.1
122 silly idealTree ├── uuid@3.1.0
122 silly idealTree ├── uws@0.14.5
122 silly idealTree ├── verror@1.10.0
122 silly idealTree ├── ws@3.3.3
122 silly idealTree ├── xmlhttprequest-ssl@1.5.5
122 silly idealTree ├── xpc-connection@0.1.4
122 silly idealTree └── yeast@0.1.2
123 silly generateActionsToTake Starting
124 silly install generateActionsToTake
125 silly generateActionsToTake Finishing
126 silly diffTrees action count 2
127 silly diffTrees add nan@2.8.0
128 silly diffTrees add node-dht-sensor@0.0.33
129 silly decomposeActions action count 16
130 silly decomposeActions fetch nan@2.8.0
131 silly decomposeActions extract nan@2.8.0
132 silly decomposeActions test nan@2.8.0
133 silly decomposeActions preinstall nan@2.8.0
134 silly decomposeActions build nan@2.8.0
135 silly decomposeActions install nan@2.8.0
136 silly decomposeActions postinstall nan@2.8.0
137 silly decomposeActions finalize nan@2.8.0
138 silly decomposeActions fetch node-dht-sensor@0.0.33
139 silly decomposeActions extract node-dht-sensor@0.0.33
140 silly decomposeActions test node-dht-sensor@0.0.33
141 silly decomposeActions preinstall node-dht-sensor@0.0.33
142 silly decomposeActions build node-dht-sensor@0.0.33
143 silly decomposeActions install node-dht-sensor@0.0.33
144 silly decomposeActions postinstall node-dht-sensor@0.0.33
145 silly decomposeActions finalize node-dht-sensor@0.0.33
146 silly runTopLevelLifecycles Starting
147 silly executeActions Starting
148 silly install executeActions
149 silly doSerial global-install 0
150 silly doParallel fetch 2
151 verbose correctMkdir /Users/froca/.npm/_locks correctMkdir not in flight; initializing
152 verbose lock using /Users/froca/.npm/_locks/staging-fe13db08b0c6c261.lock for /Users/froca/Desktop/city-farmers/pi-client/node_modules/.staging
153 silly doParallel extract 2
154 silly extract nan@2.8.0
155 silly extract node-dht-sensor@0.0.33
156 verbose unbuild node_modules/.staging/nan-0d622d5f
157 verbose unbuild node_modules/.staging/node-dht-sensor-e74a50f4
158 silly gentlyRm /Users/froca/Desktop/city-farmers/pi-client/node_modules/.staging/nan-0d622d5f is being purged from base /Users/froca/Desktop/city-farmers/pi-client
159 verbose gentlyRm don't care about contents; nuking /Users/froca/Desktop/city-farmers/pi-client/node_modules/.staging/nan-0d622d5f
160 silly gentlyRm /Users/froca/Desktop/city-farmers/pi-client/node_modules/.staging/node-dht-sensor-e74a50f4 is being purged from base /Users/froca/Desktop/city-farmers/pi-client
161 verbose gentlyRm don't care about contents; nuking /Users/froca/Desktop/city-farmers/pi-client/node_modules/.staging/node-dht-sensor-e74a50f4
162 verbose tar unpack /Users/froca/.npm/nan/2.8.0/package.tgz
163 verbose tar unpacking to /Users/froca/Desktop/city-farmers/pi-client/node_modules/.staging/nan-0d622d5f
164 silly gentlyRm /Users/froca/Desktop/city-farmers/pi-client/node_modules/.staging/nan-0d622d5f is being purged
165 verbose gentlyRm don't care about contents; nuking /Users/froca/Desktop/city-farmers/pi-client/node_modules/.staging/nan-0d622d5f
166 verbose tar unpack /Users/froca/.npm/node-dht-sensor/0.0.33/package.tgz
167 verbose tar unpacking to /Users/froca/Desktop/city-farmers/pi-client/node_modules/.staging/node-dht-sensor-e74a50f4
168 silly gentlyRm /Users/froca/Desktop/city-farmers/pi-client/node_modules/.staging/node-dht-sensor-e74a50f4 is being purged
169 verbose gentlyRm don't care about contents; nuking /Users/froca/Desktop/city-farmers/pi-client/node_modules/.staging/node-dht-sensor-e74a50f4
170 silly gunzTarPerm modes [ '755', '644' ]
171 silly gunzTarPerm modes [ '755', '644' ]
172 silly gunzTarPerm extractEntry package.json
173 silly gunzTarPerm modified mode [ 'package.json', 436, 420 ]
174 silly gunzTarPerm extractEntry package.json
175 silly gunzTarPerm extractEntry README.md
176 silly gunzTarPerm modified mode [ 'README.md', 436, 420 ]
177 silly gunzTarPerm extractEntry binding.gyp
178 silly gunzTarPerm extractEntry check-lib.sh
179 silly gunzTarPerm extractEntry include_dirs.js
180 silly gunzTarPerm modified mode [ 'include_dirs.js', 436, 420 ]
181 silly gunzTarPerm extractEntry dht-sensor.cpp
182 silly gunzTarPerm extractEntry dht-sensor.h
183 silly gunzTarPerm extractEntry nan_converters_43_inl.h
184 silly gunzTarPerm modified mode [ 'nan_converters_43_inl.h', 436, 420 ]
185 silly gunzTarPerm extractEntry LICENSE.md
186 silly gunzTarPerm modified mode [ 'LICENSE.md', 436, 420 ]
187 silly gunzTarPerm extractEntry doc/new.md
188 silly gunzTarPerm modified mode [ 'doc/new.md', 436, 420 ]
189 silly gunzTarPerm extractEntry doc/asyncworker.md
190 silly gunzTarPerm modified mode [ 'doc/asyncworker.md', 436, 420 ]
191 silly gunzTarPerm extractEntry LICENSE
192 silly gunzTarPerm extractEntry node-dht-sensor.cpp
193 silly gunzTarPerm extractEntry README.md
194 silly gunzTarPerm extractEntry test/async-explicit.js
195 silly gunzTarPerm extractEntry test/duty.js
196 silly gunzTarPerm extractEntry test/sync-explicit.js
197 silly gunzTarPerm extractEntry test/sync-implicit.js
198 silly gunzTarPerm extractEntry doc/callback.md
199 silly gunzTarPerm modified mode [ 'doc/callback.md', 436, 420 ]
200 silly gunzTarPerm extractEntry doc/converters.md
201 silly gunzTarPerm modified mode [ 'doc/converters.md', 436, 420 ]
202 silly gunzTarPerm extractEntry doc/errors.md
203 silly gunzTarPerm modified mode [ 'doc/errors.md', 436, 420 ]
204 silly gunzTarPerm extractEntry doc/json.md
205 silly gunzTarPerm modified mode [ 'doc/json.md', 436, 420 ]
206 silly gunzTarPerm extractEntry doc/maybe_types.md
207 silly gunzTarPerm modified mode [ 'doc/maybe_types.md', 436, 420 ]
208 silly gunzTarPerm extractEntry doc/methods.md
209 silly gunzTarPerm modified mode [ 'doc/methods.md', 436, 420 ]
210 silly gunzTarPerm extractEntry doc/buffers.md
211 silly gunzTarPerm modified mode [ 'doc/buffers.md', 436, 420 ]
212 silly gunzTarPerm extractEntry doc/node_misc.md
213 silly gunzTarPerm modified mode [ 'doc/node_misc.md', 436, 420 ]
214 silly gunzTarPerm extractEntry doc/object_wrappers.md
215 silly gunzTarPerm modified mode [ 'doc/object_wrappers.md', 436, 420 ]
216 silly gunzTarPerm extractEntry doc/persistent.md
217 silly gunzTarPerm modified mode [ 'doc/persistent.md', 436, 420 ]
218 silly gunzTarPerm extractEntry doc/scopes.md
219 silly gunzTarPerm modified mode [ 'doc/scopes.md', 436, 420 ]
220 silly gunzTarPerm extractEntry doc/script.md
221 silly gunzTarPerm modified mode [ 'doc/script.md', 436, 420 ]
222 silly gunzTarPerm extractEntry doc/string_bytes.md
223 silly gunzTarPerm modified mode [ 'doc/string_bytes.md', 436, 420 ]
224 silly gunzTarPerm extractEntry doc/v8_internals.md
225 silly gunzTarPerm modified mode [ 'doc/v8_internals.md', 436, 420 ]
226 silly gunzTarPerm extractEntry doc/v8_misc.md
227 silly gunzTarPerm modified mode [ 'doc/v8_misc.md', 436, 420 ]
228 silly gunzTarPerm extractEntry nan.h
229 silly gunzTarPerm modified mode [ 'nan.h', 436, 420 ]
230 silly gunzTarPerm extractEntry nan_callbacks.h
231 silly gunzTarPerm modified mode [ 'nan_callbacks.h', 436, 420 ]
232 silly gunzTarPerm extractEntry nan_callbacks_12_inl.h
233 silly gunzTarPerm modified mode [ 'nan_callbacks_12_inl.h', 436, 420 ]
234 silly gunzTarPerm extractEntry nan_callbacks_pre_12_inl.h
235 silly gunzTarPerm modified mode [ 'nan_callbacks_pre_12_inl.h', 436, 420 ]
236 silly gunzTarPerm extractEntry nan_converters.h
237 silly gunzTarPerm modified mode [ 'nan_converters.h', 436, 420 ]
238 silly gunzTarPerm extractEntry nan_converters_pre_43_inl.h
239 silly gunzTarPerm modified mode [ 'nan_converters_pre_43_inl.h', 436, 420 ]
240 silly gunzTarPerm extractEntry nan_implementation_12_inl.h
241 silly gunzTarPerm modified mode [ 'nan_implementation_12_inl.h', 436, 420 ]
242 silly gunzTarPerm extractEntry nan_implementation_pre_12_inl.h
243 silly gunzTarPerm modified mode [ 'nan_implementation_pre_12_inl.h', 436, 420 ]
244 silly gunzTarPerm extractEntry nan_json.h
245 silly gunzTarPerm modified mode [ 'nan_json.h', 436, 420 ]
246 silly gunzTarPerm extractEntry nan_maybe_43_inl.h
247 silly gunzTarPerm modified mode [ 'nan_maybe_43_inl.h', 436, 420 ]
248 silly gunzTarPerm extractEntry nan_maybe_pre_43_inl.h
249 silly gunzTarPerm modified mode [ 'nan_maybe_pre_43_inl.h', 436, 420 ]
250 silly gunzTarPerm extractEntry nan_new.h
251 silly gunzTarPerm modified mode [ 'nan_new.h', 436, 420 ]
252 silly gentlyRm /Users/froca/Desktop/city-farmers/pi-client/node_modules/.staging/node-dht-sensor-e74a50f4/node_modules is being purged
253 verbose gentlyRm don't care about contents; nuking /Users/froca/Desktop/city-farmers/pi-client/node_modules/.staging/node-dht-sensor-e74a50f4/node_modules
254 silly gunzTarPerm extractEntry nan_object_wrap.h
255 silly gunzTarPerm modified mode [ 'nan_object_wrap.h', 436, 420 ]
256 silly gunzTarPerm extractEntry nan_persistent_12_inl.h
257 silly gunzTarPerm modified mode [ 'nan_persistent_12_inl.h', 436, 420 ]
258 silly gunzTarPerm extractEntry nan_persistent_pre_12_inl.h
259 silly gunzTarPerm modified mode [ 'nan_persistent_pre_12_inl.h', 436, 420 ]
260 silly gunzTarPerm extractEntry nan_private.h
261 silly gunzTarPerm modified mode [ 'nan_private.h', 436, 420 ]
262 silly gunzTarPerm extractEntry nan_string_bytes.h
263 silly gunzTarPerm modified mode [ 'nan_string_bytes.h', 436, 420 ]
264 silly gunzTarPerm extractEntry nan_typedarray_contents.h
265 silly gunzTarPerm modified mode [ 'nan_typedarray_contents.h', 436, 420 ]
266 silly gunzTarPerm extractEntry nan_weak.h
267 silly gunzTarPerm modified mode [ 'nan_weak.h', 436, 420 ]
268 silly gunzTarPerm extractEntry CHANGELOG.md
269 silly gunzTarPerm modified mode [ 'CHANGELOG.md', 436, 420 ]
270 silly gunzTarPerm extractEntry tools/package.json
271 silly gunzTarPerm modified mode [ 'tools/package.json', 436, 420 ]
272 silly gunzTarPerm extractEntry tools/README.md
273 silly gunzTarPerm modified mode [ 'tools/README.md', 436, 420 ]
274 silly gunzTarPerm extractEntry tools/1to2.js
275 silly gunzTarPerm modified mode [ 'tools/1to2.js', 509, 493 ]
276 silly gentlyRm /Users/froca/Desktop/city-farmers/pi-client/node_modules/.staging/nan-0d622d5f/node_modules is being purged
277 verbose gentlyRm don't care about contents; nuking /Users/froca/Desktop/city-farmers/pi-client/node_modules/.staging/nan-0d622d5f/node_modules
278 silly doParallel preinstall 2
279 silly preinstall nan@2.8.0 /Users/froca/Desktop/city-farmers/pi-client/node_modules/.staging/nan-0d622d5f
280 info lifecycle nan@2.8.0~preinstall: nan@2.8.0
281 silly preinstall node-dht-sensor@0.0.33 /Users/froca/Desktop/city-farmers/pi-client/node_modules/.staging/node-dht-sensor-e74a50f4
282 info lifecycle node-dht-sensor@0.0.33~preinstall: node-dht-sensor@0.0.33
283 silly lifecycle nan@2.8.0~preinstall: no script for preinstall, continuing
284 verbose lifecycle node-dht-sensor@0.0.33~preinstall: unsafe-perm in lifecycle true
285 verbose lifecycle node-dht-sensor@0.0.33~preinstall: PATH: /usr/local/lib/node_modules/npm/bin/node-gyp-bin:/Users/froca/Desktop/city-farmers/pi-client/node_modules/.staging/node-dht-sensor-e74a50f4/node_modules/.bin:/Users/froca/Desktop/city-farmers/pi-client/node_modules/.bin:/Library/Frameworks/Python.framework/Versions/3.6/bin:/usr/local/bin:/usr/bin:/bin:/usr/sbin:/sbin:/Library/Frameworks/Python.framework/Versions/3.6/bin
286 verbose lifecycle node-dht-sensor@0.0.33~preinstall: CWD: /Users/froca/Desktop/city-farmers/pi-client/node_modules/.staging/node-dht-sensor-e74a50f4
287 silly lifecycle node-dht-sensor@0.0.33~preinstall: Args: [ '-c', './check-lib.sh' ]
288 silly lifecycle node-dht-sensor@0.0.33~preinstall: Returned: code: 0  signal: null
289 silly doReverseSerial remove 0
290 silly doSerial move 0
291 silly doSerial finalize 2
292 silly finalize /Users/froca/Desktop/city-farmers/pi-client/node_modules/node-dht-sensor/node_modules/nan
293 silly finalize /Users/froca/Desktop/city-farmers/pi-client/node_modules/node-dht-sensor
294 silly doSerial build 2
295 silly build nan@2.8.0
296 info linkStuff nan@2.8.0
297 silly linkStuff nan@2.8.0 has /Users/froca/Desktop/city-farmers/pi-client/node_modules/node-dht-sensor/node_modules as its parent node_modules
298 verbose linkBins nan@2.8.0
299 verbose linkMans nan@2.8.0
300 silly build node-dht-sensor@0.0.33
301 info linkStuff node-dht-sensor@0.0.33
302 silly linkStuff node-dht-sensor@0.0.33 has /Users/froca/Desktop/city-farmers/pi-client/node_modules as its parent node_modules
303 verbose linkBins node-dht-sensor@0.0.33
304 verbose linkMans node-dht-sensor@0.0.33
305 silly doSerial global-link 0
306 silly doParallel update-linked 0
307 silly doSerial install 2
308 silly install nan@2.8.0 /Users/froca/Desktop/city-farmers/pi-client/node_modules/.staging/nan-0d622d5f
309 info lifecycle nan@2.8.0~install: nan@2.8.0
310 silly lifecycle nan@2.8.0~install: no script for install, continuing
311 silly install node-dht-sensor@0.0.33 /Users/froca/Desktop/city-farmers/pi-client/node_modules/.staging/node-dht-sensor-e74a50f4
312 info lifecycle node-dht-sensor@0.0.33~install: node-dht-sensor@0.0.33
313 verbose lifecycle node-dht-sensor@0.0.33~install: unsafe-perm in lifecycle true
314 verbose lifecycle node-dht-sensor@0.0.33~install: PATH: /usr/local/lib/node_modules/npm/bin/node-gyp-bin:/Users/froca/Desktop/city-farmers/pi-client/node_modules/node-dht-sensor/node_modules/.bin:/Users/froca/Desktop/city-farmers/pi-client/node_modules/.bin:/Library/Frameworks/Python.framework/Versions/3.6/bin:/usr/local/bin:/usr/bin:/bin:/usr/sbin:/sbin:/Library/Frameworks/Python.framework/Versions/3.6/bin
315 verbose lifecycle node-dht-sensor@0.0.33~install: CWD: /Users/froca/Desktop/city-farmers/pi-client/node_modules/node-dht-sensor
316 silly lifecycle node-dht-sensor@0.0.33~install: Args: [ '-c', 'node-gyp configure' ]
317 silly lifecycle node-dht-sensor@0.0.33~install: Returned: code: 0  signal: null
318 silly doSerial postinstall 2
319 silly postinstall nan@2.8.0 /Users/froca/Desktop/city-farmers/pi-client/node_modules/.staging/nan-0d622d5f
320 info lifecycle nan@2.8.0~postinstall: nan@2.8.0
321 silly lifecycle nan@2.8.0~postinstall: no script for postinstall, continuing
322 silly postinstall node-dht-sensor@0.0.33 /Users/froca/Desktop/city-farmers/pi-client/node_modules/.staging/node-dht-sensor-e74a50f4
323 info lifecycle node-dht-sensor@0.0.33~postinstall: node-dht-sensor@0.0.33
324 verbose lifecycle node-dht-sensor@0.0.33~postinstall: unsafe-perm in lifecycle true
325 verbose lifecycle node-dht-sensor@0.0.33~postinstall: PATH: /usr/local/lib/node_modules/npm/bin/node-gyp-bin:/Users/froca/Desktop/city-farmers/pi-client/node_modules/node-dht-sensor/node_modules/.bin:/Users/froca/Desktop/city-farmers/pi-client/node_modules/.bin:/Library/Frameworks/Python.framework/Versions/3.6/bin:/usr/local/bin:/usr/bin:/bin:/usr/sbin:/sbin:/Library/Frameworks/Python.framework/Versions/3.6/bin
326 verbose lifecycle node-dht-sensor@0.0.33~postinstall: CWD: /Users/froca/Desktop/city-farmers/pi-client/node_modules/node-dht-sensor
327 silly lifecycle node-dht-sensor@0.0.33~postinstall: Args: [ '-c', 'node-gyp build' ]
328 silly lifecycle node-dht-sensor@0.0.33~postinstall: Returned: code: 1  signal: null
329 info lifecycle node-dht-sensor@0.0.33~postinstall: Failed to exec postinstall script
330 verbose unlock done using /Users/froca/.npm/_locks/staging-fe13db08b0c6c261.lock for /Users/froca/Desktop/city-farmers/pi-client/node_modules/.staging
331 silly rollbackFailedOptional Starting
332 silly rollbackFailedOptional Finishing
333 silly runTopLevelLifecycles Finishing
334 silly install printInstalled
335 warn optional SKIPPING OPTIONAL DEPENDENCY: bluetooth-hci-socket@^0.5.1 (node_modules/noble/node_modules/bluetooth-hci-socket):
336 warn notsup SKIPPING OPTIONAL DEPENDENCY: Unsupported platform for bluetooth-hci-socket@0.5.1: wanted {"os":"linux,android,win32","arch":"any"} (current: {"os":"darwin","arch":"x64"})
337 verbose notsup SKIPPING OPTIONAL DEPENDENCY: Valid OS:    linux,android,win32
337 verbose notsup SKIPPING OPTIONAL DEPENDENCY: Valid Arch:  any
337 verbose notsup SKIPPING OPTIONAL DEPENDENCY: Actual OS:   darwin
337 verbose notsup SKIPPING OPTIONAL DEPENDENCY: Actual Arch: x64
338 warn RaspClient@0.0.1 No repository field.
339 verbose If you need help, you may report this error at:
339 verbose     <https://github.com/npm/npm/issues>
340 warn RaspClient@0.0.1 license should be a valid SPDX license expression
341 verbose If you need help, you may report this error at:
341 verbose     <https://github.com/npm/npm/issues>
342 verbose stack Error: node-dht-sensor@0.0.33 postinstall: `node-gyp build`
342 verbose stack Exit status 1
342 verbose stack     at EventEmitter.<anonymous> (/usr/local/lib/node_modules/npm/lib/utils/lifecycle.js:255:16)
342 verbose stack     at emitTwo (events.js:106:13)
342 verbose stack     at EventEmitter.emit (events.js:191:7)
342 verbose stack     at ChildProcess.<anonymous> (/usr/local/lib/node_modules/npm/lib/utils/spawn.js:40:14)
342 verbose stack     at emitTwo (events.js:106:13)
342 verbose stack     at ChildProcess.emit (events.js:191:7)
342 verbose stack     at maybeClose (internal/child_process.js:877:16)
342 verbose stack     at Process.ChildProcess._handle.onexit (internal/child_process.js:226:5)
343 verbose pkgid node-dht-sensor@0.0.33
344 verbose cwd /Users/froca/Desktop/city-farmers/pi-client
345 error Darwin 16.7.0
346 error argv "/usr/local/bin/node" "/usr/local/bin/npm" "install" "node-dht-sensor"
347 error node v6.10.0
348 error npm  v3.10.10
349 error code ELIFECYCLE
350 error node-dht-sensor@0.0.33 postinstall: `node-gyp build`
350 error Exit status 1
351 error Failed at the node-dht-sensor@0.0.33 postinstall script 'node-gyp build'.
351 error Make sure you have the latest version of node.js and npm installed.
351 error If you do, this is most likely a problem with the node-dht-sensor package,
351 error not with npm itself.
351 error Tell the author that this fails on your system:
351 error     node-gyp build
351 error You can get information on how to open an issue for this project with:
351 error     npm bugs node-dht-sensor
351 error Or if that isn't available, you can get their info via:
351 error     npm owner ls node-dht-sensor
351 error There is likely additional logging output above.
352 verbose exit [ 1, true ]
